<?xml version="1.0" encoding="UTF-8"?>
<testsuite name="demoqa.TextBox" tests="1" skipped="0" failures="0" errors="0" timestamp="2023-08-06T08:08:17" hostname="DESKTOP-0HLVQIK" time="14.228">
  <properties/>
  <testcase name="FillForm()" classname="demoqa.TextBox" time="14.228"/>
  <system-out><![CDATA[]]></system-out>
  <system-err><![CDATA[[Test worker] INFO com.codeborne.selenide.impl.WebDriverThreadLocalContainer - No webdriver is bound to current thread: 1 - let's create a new webdriver
[Test worker] INFO com.codeborne.selenide.impl.FileHelper - Creating folder: C:\Users\Roman\IdeaProjects\getting-started-java(my)\build\downloads\1691309297270_9568_1
[Test worker] INFO com.codeborne.selenide.webdriver.SelenideNettyClientFactory - Changed readTimeout from PT3M to PT1M30S
[Test worker] INFO com.codeborne.selenide.webdriver.SelenideNettyClientFactory - Changed readTimeout from PT3M to PT1M30S
[Test worker] INFO com.codeborne.selenide.webdriver.WebDriverFactory - BrowserName=chrome Version=115.0.5790.111 Platform=windows
[Test worker] INFO com.codeborne.selenide.webdriver.WebDriverFactory - Selenide v. 6.17.0
[Test worker] INFO com.codeborne.selenide.webdriver.WebDriverFactory - Selenium WebDriver v. 4.11.0 build revision: 040bc5406b
[Test worker] INFO com.codeborne.selenide.drivercommands.CreateDriverCommand - Created webdriver in thread 1: ChromeDriver -> ChromeDriver: chrome on windows (3bdbccc295247c963a09b129b2654a50)
[Test worker] INFO com.codeborne.selenide.drivercommands.DisposablesRegistry - Register WebDriverInstance[config=StaticConfig,webDriver=ChromeDriver: chrome on windows (3bdbccc295247c963a09b129b2654a50),proxy=null,downloadsFolder=C:\Users\Roman\IdeaProjects\getting-started-java(my)\build\downloads\1691309297270_9568_1] in 1 [size=1]
[Test worker] INFO com.codeborne.selenide.drivercommands.DisposablesRegistry - Add shutdown hook in 1 [size=1]
]]></system-err>
</testsuite>
